0 info it worked if it ends with ok
1 verbose cli [ 'C:\\PROGRAM FILES\\NODEJS\\node.exe',
1 verbose cli   'C:\\PROGRAM FILES\\NODEJS\\node_modules\\npm\\bin\\npm-cli.js',
1 verbose cli   'install',
1 verbose cli   'node' ]
2 info using npm@2.15.5
3 info using node@v4.4.6
4 verbose install initial load of C:\local\notes\package.json
5 verbose readDependencies loading dependencies from C:\local\notes\package.json
6 silly cache add args [ 'node', null ]
7 verbose cache add spec node
8 silly cache add parsed spec Result {
8 silly cache add   raw: 'node',
8 silly cache add   scope: null,
8 silly cache add   name: 'node',
8 silly cache add   rawSpec: '',
8 silly cache add   spec: 'latest',
8 silly cache add   type: 'tag' }
9 silly addNamed node@latest
10 verbose addNamed "latest" is being treated as a dist-tag for node
11 info addNameTag [ 'node', 'latest' ]
12 silly mapToRegistry name node
13 silly mapToRegistry using default registry
14 silly mapToRegistry registry https://registry.npmjs.org/
15 silly mapToRegistry data Result {
15 silly mapToRegistry   raw: 'node',
15 silly mapToRegistry   scope: null,
15 silly mapToRegistry   name: 'node',
15 silly mapToRegistry   rawSpec: '',
15 silly mapToRegistry   spec: 'latest',
15 silly mapToRegistry   type: 'tag' }
16 silly mapToRegistry uri https://registry.npmjs.org/node
17 verbose addNameTag registry:https://registry.npmjs.org/node not in flight; fetching
18 verbose request uri https://registry.npmjs.org/node
19 verbose request no auth needed
20 info attempt registry request try #1 at 6:39:50 PM
21 verbose request id 0509694bf1624f92
22 http request GET https://registry.npmjs.org/node
23 http 200 https://registry.npmjs.org/node
24 verbose headers { server: 'nginx/1.10.1',
24 verbose headers   'content-type': 'application/json',
24 verbose headers   'last-modified': 'Thu, 28 Sep 2017 22:13:50 GMT',
24 verbose headers   etag: 'W/"59cd741e-4e34a"',
24 verbose headers   'content-encoding': 'gzip',
24 verbose headers   'cache-control': 'max-age=300',
24 verbose headers   'content-length': '51508',
24 verbose headers   'accept-ranges': 'bytes',
24 verbose headers   date: 'Sun, 08 Oct 2017 22:39:49 GMT',
24 verbose headers   via: '1.1 varnish',
24 verbose headers   age: '0',
24 verbose headers   connection: 'keep-alive',
24 verbose headers   'x-served-by': 'cache-mdw17339-MDW',
24 verbose headers   'x-cache': 'MISS',
24 verbose headers   'x-cache-hits': '0',
24 verbose headers   'x-timer': 'S1507502390.812657,VS0,VE63',
24 verbose headers   vary: 'Accept-Encoding, Accept' }
25 silly get cb [ 200,
25 silly get   { server: 'nginx/1.10.1',
25 silly get     'content-type': 'application/json',
25 silly get     'last-modified': 'Thu, 28 Sep 2017 22:13:50 GMT',
25 silly get     etag: 'W/"59cd741e-4e34a"',
25 silly get     'content-encoding': 'gzip',
25 silly get     'cache-control': 'max-age=300',
25 silly get     'content-length': '51508',
25 silly get     'accept-ranges': 'bytes',
25 silly get     date: 'Sun, 08 Oct 2017 22:39:49 GMT',
25 silly get     via: '1.1 varnish',
25 silly get     age: '0',
25 silly get     connection: 'keep-alive',
25 silly get     'x-served-by': 'cache-mdw17339-MDW',
25 silly get     'x-cache': 'MISS',
25 silly get     'x-cache-hits': '0',
25 silly get     'x-timer': 'S1507502390.812657,VS0,VE63',
25 silly get     vary: 'Accept-Encoding, Accept' } ]
26 verbose get saving node to C:\Users\Aegis\AppData\Roaming\npm-cache\registry.npmjs.org\node\.cache.json
27 verbose correctMkdir C:\Users\Aegis\AppData\Roaming\npm-cache correctMkdir not in flight; initializing
28 silly addNameTag next cb for node with tag latest
29 silly addNamed node@8.3.0
30 verbose addNamed "8.3.0" is a plain semver version for node
31 silly mapToRegistry name node
32 silly mapToRegistry using default registry
33 silly mapToRegistry registry https://registry.npmjs.org/
34 silly mapToRegistry data Result {
34 silly mapToRegistry   raw: 'node',
34 silly mapToRegistry   scope: null,
34 silly mapToRegistry   name: 'node',
34 silly mapToRegistry   rawSpec: '',
34 silly mapToRegistry   spec: 'latest',
34 silly mapToRegistry   type: 'tag' }
35 silly mapToRegistry uri https://registry.npmjs.org/node
36 verbose addRemoteTarball https://registry.npmjs.org/node/-/node-8.3.0.tgz not in flight; adding
37 verbose addRemoteTarball [ 'https://registry.npmjs.org/node/-/node-8.3.0.tgz',
37 verbose addRemoteTarball   '478e84ffcc4be39938306ace1c4613c8231e5f44' ]
38 info retry fetch attempt 1 at 6:39:50 PM
39 info attempt registry request try #1 at 6:39:50 PM
40 http fetch GET https://registry.npmjs.org/node/-/node-8.3.0.tgz
41 http fetch 200 https://registry.npmjs.org/node/-/node-8.3.0.tgz
42 silly fetchAndShaCheck shasum 478e84ffcc4be39938306ace1c4613c8231e5f44
43 verbose addTmpTarball C:\Users\Aegis\AppData\Local\Temp\npm-16436-1d8f7d52\registry.npmjs.org\node\-\node-8.3.0.tgz not in flight; adding
44 verbose addTmpTarball already have metadata; skipping unpack for node@8.3.0
45 verbose correctMkdir C:\Users\Aegis\AppData\Roaming\npm-cache correctMkdir not in flight; initializing
46 silly cache afterAdd node@8.3.0
47 verbose afterAdd C:\Users\Aegis\AppData\Roaming\npm-cache\node\8.3.0\package\package.json not in flight; writing
48 verbose correctMkdir C:\Users\Aegis\AppData\Roaming\npm-cache correctMkdir not in flight; initializing
49 verbose afterAdd C:\Users\Aegis\AppData\Roaming\npm-cache\node\8.3.0\package\package.json written
50 silly install resolved [ { name: 'node',
50 silly install resolved     version: '8.3.0',
50 silly install resolved     description: 'node',
50 silly install resolved     main: 'index.js',
50 silly install resolved     keywords: [ 'runtime' ],
50 silly install resolved     scripts: { preinstall: 'node installArchSpecificPackage' },
50 silly install resolved     bin: { node: 'bin/node' },
50 silly install resolved     dependencies: { 'node-bin-setup': '^1.0.0' },
50 silly install resolved     license: 'ISC',
50 silly install resolved     author: '',
50 silly install resolved     engines: { npm: '>=5.0.0' },
50 silly install resolved     _id: 'node@8.3.0',
50 silly install resolved     _npmVersion: '5.3.0',
50 silly install resolved     _nodeVersion: '8.2.1',
50 silly install resolved     _npmUser: { name: 'aredridel', email: 'aredridel@dinhe.net' },
50 silly install resolved     dist:
50 silly install resolved      { integrity: 'sha512-RU3iQgXeDBU45dv6BrfDrgTyUjJk1yorN64l0sce+E+2pZzFbRbBicPMBD/hWjo0GSMnA5a+RwFtWwHNDlojaw==',
50 silly install resolved        shasum: '478e84ffcc4be39938306ace1c4613c8231e5f44',
50 silly install resolved        tarball: 'https://registry.npmjs.org/node/-/node-8.3.0.tgz' },
50 silly install resolved     maintainers: [ [Object], [Object] ],
50 silly install resolved     _npmOperationalInternal:
50 silly install resolved      { host: 's3://npm-registry-packages',
50 silly install resolved        tmp: 'tmp/node-8.3.0.tgz_1502462775610_0.9039400962647051' },
50 silly install resolved     directories: {},
50 silly install resolved     _shasum: '478e84ffcc4be39938306ace1c4613c8231e5f44',
50 silly install resolved     _resolved: 'https://registry.npmjs.org/node/-/node-8.3.0.tgz',
50 silly install resolved     _from: 'node@latest' } ]
51 info install node@8.3.0 into C:\local\notes
52 info installOne node@8.3.0
53 verbose installOne of node to C:\local\notes not in flight; installing
54 verbose correctMkdir C:\Users\Aegis\AppData\Roaming\npm-cache\_locks correctMkdir not in flight; initializing
55 verbose lock using C:\Users\Aegis\AppData\Roaming\npm-cache\_locks\node-4c41972cf2b6f289.lock for C:\local\notes\node_modules\node
56 warn engine node@8.3.0: wanted: {"npm":">=5.0.0"} (current: {"node":"4.4.6","npm":"2.15.5"})
57 silly install write writing node 8.3.0 to C:\local\notes\node_modules\node
58 verbose unbuild node_modules\node
59 silly gentlyRm C:\local\notes\node_modules\node is being purged from base C:\local\notes
60 verbose gentlyRm don't care about contents; nuking C:\local\notes\node_modules\node
61 verbose tar unpack C:\Users\Aegis\AppData\Roaming\npm-cache\node\8.3.0\package.tgz
62 verbose tar unpacking to C:\local\notes\node_modules\node
63 silly gentlyRm C:\local\notes\node_modules\node is being purged
64 verbose gentlyRm don't care about contents; nuking C:\local\notes\node_modules\node
65 silly gunzTarPerm modes [ '777', '666' ]
66 silly gunzTarPerm extractEntry package.json
67 silly gunzTarPerm modified mode [ 'package.json', 420, 438 ]
68 silly gunzTarPerm extractEntry README.md
69 silly gunzTarPerm modified mode [ 'README.md', 420, 438 ]
70 silly gunzTarPerm extractEntry installArchSpecificPackage.js
71 silly gunzTarPerm modified mode [ 'installArchSpecificPackage.js', 420, 438 ]
72 verbose write writing to C:\local\notes\node_modules\node\package.json
73 info preinstall node@8.3.0
74 verbose unsafe-perm in lifecycle true
75 info node@8.3.0 Failed to exec preinstall script
76 verbose unlock done using C:\Users\Aegis\AppData\Roaming\npm-cache\_locks\node-4c41972cf2b6f289.lock for C:\local\notes\node_modules\node
77 verbose stack Error: node@8.3.0 preinstall: `node installArchSpecificPackage`
77 verbose stack Exit status 1
77 verbose stack     at EventEmitter.<anonymous> (C:\PROGRAM FILES\NODEJS\node_modules\npm\lib\utils\lifecycle.js:217:16)
77 verbose stack     at emitTwo (events.js:87:13)
77 verbose stack     at EventEmitter.emit (events.js:172:7)
77 verbose stack     at ChildProcess.<anonymous> (C:\PROGRAM FILES\NODEJS\node_modules\npm\lib\utils\spawn.js:24:14)
77 verbose stack     at emitTwo (events.js:87:13)
77 verbose stack     at ChildProcess.emit (events.js:172:7)
77 verbose stack     at maybeClose (internal/child_process.js:827:16)
77 verbose stack     at Process.ChildProcess._handle.onexit (internal/child_process.js:211:5)
78 verbose pkgid node@8.3.0
79 verbose cwd C:\local\notes
80 error Windows_NT 6.1.7601
81 error argv "C:\\PROGRAM FILES\\NODEJS\\node.exe" "C:\\PROGRAM FILES\\NODEJS\\node_modules\\npm\\bin\\npm-cli.js" "install" "node"
82 error node v4.4.6
83 error npm  v2.15.5
84 error code ELIFECYCLE
85 error node@8.3.0 preinstall: `node installArchSpecificPackage`
85 error Exit status 1
86 error Failed at the node@8.3.0 preinstall script 'node installArchSpecificPackage'.
86 error This is most likely a problem with the node package,
86 error not with npm itself.
86 error Tell the author that this fails on your system:
86 error     node installArchSpecificPackage
86 error You can get information on how to open an issue for this project with:
86 error     npm bugs node
86 error Or if that isn't available, you can get their info via:
86 error
86 error     npm owner ls node
86 error There is likely additional logging output above.
87 verbose exit [ 1, true ]
88 verbose unbuild node_modules\node
89 info preuninstall node@8.3.0
90 info uninstall node@8.3.0
91 verbose unbuild rmStuff node@8.3.0 from C:\local\notes\node_modules
92 silly gentlyRm C:\local\notes\node_modules\.bin\node.cmd is being gently removed
93 silly gentlyRm verifying C:\local\notes is an npm working directory
94 silly gentlyRm containing path C:\local\notes is under npm's control, in C:\local\notes
95 silly gentlyRm deletion target C:\local\notes\node_modules\.bin\node.cmd is under C:\local\notes
96 verbose gentlyRm vacuuming from C:\local\notes\node_modules\.bin\node.cmd up to C:\local\notes
97 silly gentlyRm C:\local\notes\node_modules\.bin\node is being gently removed
98 silly gentlyRm verifying C:\local\notes is an npm working directory
99 silly gentlyRm containing path C:\local\notes is under npm's control, in C:\local\notes
100 silly gentlyRm deletion target C:\local\notes\node_modules\.bin\node is under C:\local\notes
101 verbose gentlyRm vacuuming from C:\local\notes\node_modules\.bin\node up to C:\local\notes
102 info postuninstall node@8.3.0
103 silly gentlyRm C:\local\notes\node_modules\node is being purged from base C:\local\notes
104 verbose gentlyRm don't care about contents; nuking C:\local\notes\node_modules\node
105 silly vacuum-fs purging C:\local\notes\node_modules\node
106 silly vacuum-fs removing C:\local\notes\node_modules
107 silly vacuum-fs finished vacuuming up to C:\local\notes
